[debug] [2020-11-18T19:49:18.272Z] ----------------------------------------------------------------------
[debug] [2020-11-18T19:49:18.277Z] Command:       C:\Program Files\nodejs\node.exe C:\Users\Tausif\AppData\Roaming\npm\node_modules\firebase-tools\lib\bin\firebase.js login:ci --interactive --no-localhost
[debug] [2020-11-18T19:49:18.278Z] CLI Version:   8.12.1
[debug] [2020-11-18T19:49:18.279Z] Platform:      win32
[debug] [2020-11-18T19:49:18.279Z] Node Version:  v14.13.0
[debug] [2020-11-18T19:49:18.280Z] Time:          Thu Nov 19 2020 01:19:18 GMT+0530 (India Standard Time)
[debug] [2020-11-18T19:49:18.281Z] ----------------------------------------------------------------------
[debug] [2020-11-18T19:49:18.281Z] 
[info] 
[info] Visit this URL on any device to log in:
[info] https://accounts.google.com/o/oauth2/auth?client_id=563584335869-fgrhgmd47bqnekij5i8b5pr03ho849e6.apps.googleusercontent.com&scope=email%20openid%20https%3A%2F%2Fwww.googleapis.com%2Fauth%2Fcloudplatformprojects.readonly%20https%3A%2F%2Fwww.googleapis.com%2Fauth%2Ffirebase%20https%3A%2F%2Fwww.googleapis.com%2Fauth%2Fcloud-platform&response_type=code&state=179460215&redirect_uri=urn%3Aietf%3Awg%3Aoauth%3A2.0%3Aoob
[info] 
[debug] [2020-11-18T19:49:18.354Z] Error: spawn cmd ENOENT
    at Process.ChildProcess._handle.onexit (internal/child_process.js:268:19)
    at onErrorNT (internal/child_process.js:464:16)
    at processTicksAndRejections (internal/process/task_queues.js:80:21)
[error] 
[error] Error: An unexpected error has occurred.
[debug] [2020-11-18T19:49:27.775Z] ----------------------------------------------------------------------
[debug] [2020-11-18T19:49:27.778Z] Command:       C:\Program Files\nodejs\node.exe C:\Users\Tausif\AppData\Roaming\npm\node_modules\firebase-tools\lib\bin\firebase.js login:ci --interactive
[debug] [2020-11-18T19:49:27.779Z] CLI Version:   8.12.1
[debug] [2020-11-18T19:49:27.779Z] Platform:      win32
[debug] [2020-11-18T19:49:27.779Z] Node Version:  v14.13.0
[debug] [2020-11-18T19:49:27.780Z] Time:          Thu Nov 19 2020 01:19:27 GMT+0530 (India Standard Time)
[debug] [2020-11-18T19:49:27.780Z] ----------------------------------------------------------------------
[debug] [2020-11-18T19:49:27.780Z] 
[info] 
[info] Visit this URL on this device to log in:
[info] https://accounts.google.com/o/oauth2/auth?client_id=563584335869-fgrhgmd47bqnekij5i8b5pr03ho849e6.apps.googleusercontent.com&scope=email%20openid%20https%3A%2F%2Fwww.googleapis.com%2Fauth%2Fcloudplatformprojects.readonly%20https%3A%2F%2Fwww.googleapis.com%2Fauth%2Ffirebase%20https%3A%2F%2Fwww.googleapis.com%2Fauth%2Fcloud-platform&response_type=code&state=1037664848&redirect_uri=http%3A%2F%2Flocalhost%3A9005
[info] 
[info] Waiting for authentication...
[debug] [2020-11-18T19:49:27.807Z] Error: spawn cmd ENOENT
    at Process.ChildProcess._handle.onexit (internal/child_process.js:268:19)
    at onErrorNT (internal/child_process.js:464:16)
    at processTicksAndRejections (internal/process/task_queues.js:80:21)
[error] 
[error] Error: An unexpected error has occurred.
[debug] [2020-11-18T19:49:36.270Z] ----------------------------------------------------------------------
[debug] [2020-11-18T19:49:36.273Z] Command:       C:\Program Files\nodejs\node.exe C:\Users\Tausif\AppData\Roaming\npm\node_modules\firebase-tools\lib\bin\firebase.js login --interactive
[debug] [2020-11-18T19:49:36.273Z] CLI Version:   8.12.1
[debug] [2020-11-18T19:49:36.274Z] Platform:      win32
[debug] [2020-11-18T19:49:36.274Z] Node Version:  v14.13.0
[debug] [2020-11-18T19:49:36.275Z] Time:          Thu Nov 19 2020 01:19:36 GMT+0530 (India Standard Time)
[debug] [2020-11-18T19:49:36.275Z] ----------------------------------------------------------------------
[debug] [2020-11-18T19:49:36.276Z] 
[info] i  Firebase optionally collects CLI usage and error reporting information to help improve our products. Data is collected in accordance with Google's privacy policy (https://policies.google.com/privacy) and is not used to identify you.
 
[info] i  To change your data collection preference at any time, run `firebase logout` and log in again. 
[info] 
[info] Visit this URL on this device to log in:
[info] https://accounts.google.com/o/oauth2/auth?client_id=563584335869-fgrhgmd47bqnekij5i8b5pr03ho849e6.apps.googleusercontent.com&scope=email%20openid%20https%3A%2F%2Fwww.googleapis.com%2Fauth%2Fcloudplatformprojects.readonly%20https%3A%2F%2Fwww.googleapis.com%2Fauth%2Ffirebase%20https%3A%2F%2Fwww.googleapis.com%2Fauth%2Fcloud-platform&response_type=code&state=88061006&redirect_uri=http%3A%2F%2Flocalhost%3A9005
[info] 
[info] Waiting for authentication...
[debug] [2020-11-18T19:49:38.251Z] Error: spawn cmd ENOENT
    at Process.ChildProcess._handle.onexit (internal/child_process.js:268:19)
    at onErrorNT (internal/child_process.js:464:16)
    at processTicksAndRejections (internal/process/task_queues.js:80:21)
[error] 
[error] Error: An unexpected error has occurred.
[debug] [2020-11-18T19:50:17.513Z] ----------------------------------------------------------------------
[debug] [2020-11-18T19:50:17.516Z] Command:       C:\Program Files\nodejs\node.exe C:\Users\Tausif\AppData\Roaming\npm\node_modules\firebase-tools\lib\bin\firebase.js login
[debug] [2020-11-18T19:50:17.516Z] CLI Version:   8.12.1
[debug] [2020-11-18T19:50:17.516Z] Platform:      win32
[debug] [2020-11-18T19:50:17.516Z] Node Version:  v14.13.0
[debug] [2020-11-18T19:50:17.518Z] Time:          Thu Nov 19 2020 01:20:17 GMT+0530 (India Standard Time)
[debug] [2020-11-18T19:50:17.518Z] ----------------------------------------------------------------------
[debug] [2020-11-18T19:50:17.518Z] 
[info] i  Firebase optionally collects CLI usage and error reporting information to help improve our products. Data is collected in accordance with Google's privacy policy (https://policies.google.com/privacy) and is not used to identify you.
 
[info] i  To change your data collection preference at any time, run `firebase logout` and log in again. 
[info] 
[info] Visit this URL on this device to log in:
[info] https://accounts.google.com/o/oauth2/auth?client_id=563584335869-fgrhgmd47bqnekij5i8b5pr03ho849e6.apps.googleusercontent.com&scope=email%20openid%20https%3A%2F%2Fwww.googleapis.com%2Fauth%2Fcloudplatformprojects.readonly%20https%3A%2F%2Fwww.googleapis.com%2Fauth%2Ffirebase%20https%3A%2F%2Fwww.googleapis.com%2Fauth%2Fcloud-platform&response_type=code&state=595861051&redirect_uri=http%3A%2F%2Flocalhost%3A9005
[info] 
[info] Waiting for authentication...
[debug] [2020-11-18T19:50:19.255Z] Error: spawn cmd ENOENT
    at Process.ChildProcess._handle.onexit (internal/child_process.js:268:19)
    at onErrorNT (internal/child_process.js:464:16)
    at processTicksAndRejections (internal/process/task_queues.js:80:21)
[error] 
[error] Error: An unexpected error has occurred.
[debug] [2020-11-18T19:50:36.868Z] ----------------------------------------------------------------------
[debug] [2020-11-18T19:50:36.871Z] Command:       C:\Program Files\nodejs\node.exe C:\Users\Tausif\AppData\Roaming\npm\node_modules\firebase-tools\lib\bin\firebase.js login --interactive
[debug] [2020-11-18T19:50:36.872Z] CLI Version:   8.12.1
[debug] [2020-11-18T19:50:36.872Z] Platform:      win32
[debug] [2020-11-18T19:50:36.872Z] Node Version:  v14.13.0
[debug] [2020-11-18T19:50:36.873Z] Time:          Thu Nov 19 2020 01:20:36 GMT+0530 (India Standard Time)
[debug] [2020-11-18T19:50:36.873Z] ----------------------------------------------------------------------
[debug] [2020-11-18T19:50:36.874Z] 
[info] i  Firebase optionally collects CLI usage and error reporting information to help improve our products. Data is collected in accordance with Google's privacy policy (https://policies.google.com/privacy) and is not used to identify you.
 
[info] i  To change your data collection preference at any time, run `firebase logout` and log in again. 
[info] 
[info] Visit this URL on this device to log in:
[info] https://accounts.google.com/o/oauth2/auth?client_id=563584335869-fgrhgmd47bqnekij5i8b5pr03ho849e6.apps.googleusercontent.com&scope=email%20openid%20https%3A%2F%2Fwww.googleapis.com%2Fauth%2Fcloudplatformprojects.readonly%20https%3A%2F%2Fwww.googleapis.com%2Fauth%2Ffirebase%20https%3A%2F%2Fwww.googleapis.com%2Fauth%2Fcloud-platform&response_type=code&state=764579659&redirect_uri=http%3A%2F%2Flocalhost%3A9005
[info] 
[info] Waiting for authentication...
[debug] [2020-11-18T19:50:38.145Z] Error: spawn cmd ENOENT
    at Process.ChildProcess._handle.onexit (internal/child_process.js:268:19)
    at onErrorNT (internal/child_process.js:464:16)
    at processTicksAndRejections (internal/process/task_queues.js:80:21)
[error] 
[error] Error: An unexpected error has occurred.
[debug] [2020-11-18T20:21:08.433Z] ----------------------------------------------------------------------
[debug] [2020-11-18T20:21:08.441Z] Command:       C:\Program Files\nodejs\node.exe C:\Users\Tausif\AppData\Roaming\npm\node_modules\firebase-tools\lib\bin\firebase.js login
[debug] [2020-11-18T20:21:08.442Z] CLI Version:   8.12.1
[debug] [2020-11-18T20:21:08.443Z] Platform:      win32
[debug] [2020-11-18T20:21:08.443Z] Node Version:  v14.13.0
[debug] [2020-11-18T20:21:08.512Z] Time:          Thu Nov 19 2020 01:51:08 GMT+0530 (India Standard Time)
[debug] [2020-11-18T20:21:08.513Z] ----------------------------------------------------------------------
[debug] [2020-11-18T20:21:08.513Z] 
[info] i  Firebase optionally collects CLI usage and error reporting information to help improve our products. Data is collected in accordance with Google's privacy policy (https://policies.google.com/privacy) and is not used to identify you.
 
[info] i  To change your data collection preference at any time, run `firebase logout` and log in again. 
[info] 
[info] Visit this URL on this device to log in:
[info] https://accounts.google.com/o/oauth2/auth?client_id=563584335869-fgrhgmd47bqnekij5i8b5pr03ho849e6.apps.googleusercontent.com&scope=email%20openid%20https%3A%2F%2Fwww.googleapis.com%2Fauth%2Fcloudplatformprojects.readonly%20https%3A%2F%2Fwww.googleapis.com%2Fauth%2Ffirebase%20https%3A%2F%2Fwww.googleapis.com%2Fauth%2Fcloud-platform&response_type=code&state=1063653047&redirect_uri=http%3A%2F%2Flocalhost%3A9005
[info] 
[info] Waiting for authentication...
[debug] [2020-11-18T20:21:24.333Z] Error: spawn cmd ENOENT
    at Process.ChildProcess._handle.onexit (internal/child_process.js:268:19)
    at onErrorNT (internal/child_process.js:464:16)
    at processTicksAndRejections (internal/process/task_queues.js:80:21)
[error] 
[error] Error: An unexpected error has occurred.
[debug] [2020-11-18T20:32:20.081Z] ----------------------------------------------------------------------
[debug] [2020-11-18T20:32:20.090Z] Command:       C:\Program Files\nodejs\node.exe C:\Users\Tausif\AppData\Roaming\npm\node_modules\firebase-tools\lib\bin\firebase.js --debug login
[debug] [2020-11-18T20:32:20.091Z] CLI Version:   8.12.1
[debug] [2020-11-18T20:32:20.091Z] Platform:      win32
[debug] [2020-11-18T20:32:20.091Z] Node Version:  v14.13.0
[debug] [2020-11-18T20:32:20.123Z] Time:          Thu Nov 19 2020 02:02:20 GMT+0530 (India Standard Time)
[debug] [2020-11-18T20:32:20.123Z] ----------------------------------------------------------------------
[debug] [2020-11-18T20:32:20.123Z] 
[info] i  Firebase optionally collects CLI usage and error reporting information to help improve our products. Data is collected in accordance with Google's privacy policy (https://policies.google.com/privacy) and is not used to identify you.
 
[info] i  To change your data collection preference at any time, run `firebase logout` and log in again. 
[info] 
[info] Visit this URL on this device to log in:
[info] https://accounts.google.com/o/oauth2/auth?client_id=563584335869-fgrhgmd47bqnekij5i8b5pr03ho849e6.apps.googleusercontent.com&scope=email%20openid%20https%3A%2F%2Fwww.googleapis.com%2Fauth%2Fcloudplatformprojects.readonly%20https%3A%2F%2Fwww.googleapis.com%2Fauth%2Ffirebase%20https%3A%2F%2Fwww.googleapis.com%2Fauth%2Fcloud-platform&response_type=code&state=565772254&redirect_uri=http%3A%2F%2Flocalhost%3A9005
[info] 
[info] Waiting for authentication...
[debug] [2020-11-18T20:32:24.560Z] Error: spawn cmd ENOENT
    at Process.ChildProcess._handle.onexit (internal/child_process.js:268:19)
    at onErrorNT (internal/child_process.js:464:16)
    at processTicksAndRejections (internal/process/task_queues.js:80:21)
[error] 
[error] Error: An unexpected error has occurred.
[debug] [2020-11-19T10:32:18.362Z] ----------------------------------------------------------------------
[debug] [2020-11-19T10:32:18.365Z] Command:       C:\Program Files\nodejs\node.exe C:\Users\Tausif\AppData\Roaming\npm\node_modules\firebase-tools\lib\bin\firebase.js login
[debug] [2020-11-19T10:32:18.365Z] CLI Version:   8.16.2
[debug] [2020-11-19T10:32:18.365Z] Platform:      win32
[debug] [2020-11-19T10:32:18.366Z] Node Version:  v14.13.0
[debug] [2020-11-19T10:32:18.367Z] Time:          Thu Nov 19 2020 16:02:18 GMT+0530 (India Standard Time)
[debug] [2020-11-19T10:32:18.368Z] ----------------------------------------------------------------------
[debug] [2020-11-19T10:32:18.368Z] 
[info] i  Firebase optionally collects CLI usage and error reporting information to help improve our products. Data is collected in accordance with Google's privacy policy (https://policies.google.com/privacy) and is not used to identify you.
 
[info] i  To change your data collection preference at any time, run `firebase logout` and log in again. 
[info] 
[info] Visit this URL on this device to log in:
[info] https://accounts.google.com/o/oauth2/auth?client_id=563584335869-fgrhgmd47bqnekij5i8b5pr03ho849e6.apps.googleusercontent.com&scope=email%20openid%20https%3A%2F%2Fwww.googleapis.com%2Fauth%2Fcloudplatformprojects.readonly%20https%3A%2F%2Fwww.googleapis.com%2Fauth%2Ffirebase%20https%3A%2F%2Fwww.googleapis.com%2Fauth%2Fcloud-platform&response_type=code&state=253551042&redirect_uri=http%3A%2F%2Flocalhost%3A9005
[info] 
[info] Waiting for authentication...
[debug] [2020-11-19T10:33:24.170Z] Error: spawn cmd ENOENT
    at Process.ChildProcess._handle.onexit (internal/child_process.js:268:19)
    at onErrorNT (internal/child_process.js:464:16)
    at processTicksAndRejections (internal/process/task_queues.js:80:21)
[error] 
[error] Error: An unexpected error has occurred.
